2025-08-01 10:45:00 | WARN | repo=richrates | action=commit
2025-11-14 18:29:00 | INFO | repo=richrates | action=commit
2025-09-12 20:19:00 | INFO | repo=richrates | action=commit
2025-08-26 17:51:00 | WARN | repo=richrates | action=commit
2025-12-23 20:36:00 | DEBUG | repo=richrates | action=pull
2025-06-02 21:03:00 | WARN | repo=richrates | action=commit
2025-04-06 15:09:00 | INFO | repo=richrates | action=commit
2025-02-15 20:40:00 | DEBUG | repo=richrates | action=pull
2025-11-24 10:59:00 | INFO | repo=richrates | action=commit
2025-08-06 20:27:00 | DEBUG | repo=richrates | action=commit
2025-12-27 21:42:00 | DEBUG | repo=richrates | action=commit
2025-05-01 09:33:00 | DEBUG | repo=richrates | action=commit
2025-11-22 13:02:00 | DEBUG | repo=richrates | action=commit
2025-09-25 09:35:00 | DEBUG | repo=richrates | action=commit
2025-12-27 11:10:00 | WARN | repo=richrates | action=commit
2025-01-27 12:13:00 | DEBUG | repo=richrates | action=commit
2025-10-16 18:21:00 | INFO | repo=richrates | action=commit
2025-02-13 14:45:00 | DEBUG | repo=richrates | action=commit
2025-11-01 11:58:00 | WARN | repo=richrates | action=commit
2025-12-02 14:50:00 | DEBUG | repo=richrates | action=commit
2025-11-10 15:51:00 | DEBUG | repo=richrates | action=commit
2025-01-07 07:37:00 | DEBUG | repo=richrates | action=commit
2025-11-26 15:59:00 | WARN | repo=richrates | action=commit
2025-12-25 16:43:00 | INFO | repo=richrates | action=commit
2025-08-26 14:59:00 | DEBUG | repo=richrates | action=edit | files=4
2025-07-11 15:12:00 | DEBUG | repo=richrates | action=commit
2025-01-08 10:16:00 | DEBUG | repo=richrates | action=commit
2025-02-14 17:41:00 | INFO | repo=richrates | action=commit
2025-03-20 20:01:00 | WARN | repo=richrates | action=commit
2025-02-15 21:08:00 | WARN | repo=richrates | action=commit
2025-03-23 12:47:00 | WARN | repo=richrates | action=commit
2025-02-19 09:51:00 | INFO | repo=richrates | action=commit
2025-04-06 08:12:00 | INFO | repo=richrates | action=commit
2025-06-15 21:37:00 | INFO | repo=richrates | action=commit
2025-10-10 18:08:00 | INFO | repo=richrates | action=edit | files=2
2025-01-15 08:18:00 | DEBUG | repo=richrates | action=commit
2025-12-08 09:32:00 | DEBUG | repo=richrates | action=test | passed=true
2025-09-10 20:04:00 | DEBUG | repo=richrates | action=commit
2025-03-02 11:56:00 | INFO | repo=richrates | action=commit
2025-03-28 08:37:00 | DEBUG | repo=richrates | action=commit
2025-04-09 09:15:00 | WARN | repo=richrates | action=commit
2025-04-08 12:38:00 | DEBUG | repo=richrates | action=commit
2025-11-23 07:29:00 | DEBUG | repo=richrates | action=commit
2025-07-26 18:06:00 | INFO | repo=richrates | action=test | passed=true
2025-04-07 21:25:00 | INFO | repo=richrates | action=commit
2025-05-21 07:23:00 | WARN | repo=richrates | action=commit
2025-05-28 21:35:00 | WARN | repo=richrates | action=commit
2025-07-16 08:22:00 | DEBUG | repo=richrates | action=commit
2025-08-22 13:05:00 | INFO | repo=richrates | action=commit
2025-07-27 17:22:00 | WARN | repo=richrates | action=commit
2025-05-09 07:29:00 | WARN | repo=richrates | action=commit
2025-11-16 10:11:00 | INFO | repo=richrates | action=commit
2025-10-23 18:39:00 | INFO | repo=richrates | action=commit
